<?xml version="1.0" encoding="UTF-8"?>
<testng-results ignored="0" total="1" passed="1" failed="0" skipped="0">
  <reporter-output>
  </reporter-output>
  <suite started-at="2023-02-08T19:55:16 IST" name="Default suite" finished-at="2023-02-08T19:55:33 IST" duration-ms="16516">
    <groups>
    </groups>
    <test started-at="2023-02-08T19:55:16 IST" name="Default test" finished-at="2023-02-08T19:55:33 IST" duration-ms="16516">
      <class name="seleniumfirst.TestN">
        <test-method signature="launch()[pri:0, instance:seleniumfirst.TestN@7671cb68]" started-at="2023-02-08T19:55:16 IST" name="launch" finished-at="2023-02-08T19:55:33 IST" duration-ms="16428" status="PASS">
          <reporter-output>
          </reporter-output>
        </test-method> <!-- launch -->
      </class> <!-- seleniumfirst.TestN -->
    </test> <!-- Default test -->
  </suite> <!-- Default suite -->
</testng-results>
